Determining if the pthread_create exist failed with the following output:
Change Dir: /home/ubuntu/ProjectDrive16_17/Navigation/build/CMakeFiles/CMakeTmp

Run Build Command:"/usr/bin/make" "cmTC_650aa/fast"
/usr/bin/make -f CMakeFiles/cmTC_650aa.dir/build.make CMakeFiles/cmTC_650aa.dir/build
make[1]: Entering directory '/home/ubuntu/ProjectDrive16_17/Navigation/build/CMakeFiles/CMakeTmp'
Building C object CMakeFiles/cmTC_650aa.dir/CheckSymbolExists.c.o
/usr/bin/cc     -o CMakeFiles/cmTC_650aa.dir/CheckSymbolExists.c.o   -c /home/ubuntu/ProjectDrive16_17/Navigation/build/CMakeFiles/CMakeTmp/CheckSymbolExists.c
Linking C executable cmTC_650aa
/usr/bin/cmake -E cmake_link_script CMakeFiles/cmTC_650aa.dir/link.txt --verbose=1
/usr/bin/cc       CMakeFiles/cmTC_650aa.dir/CheckSymbolExists.c.o  -o cmTC_650aa -rdynamic 
CMakeFiles/cmTC_650aa.dir/CheckSymbolExists.c.o: In function `main':
CheckSymbolExists.c:(.text+0x14): undefined reference to `pthread_create'
CheckSymbolExists.c:(.text+0x18): undefined reference to `pthread_create'
collect2: error: ld returned 1 exit status
CMakeFiles/cmTC_650aa.dir/build.make:97: recipe for target 'cmTC_650aa' failed
make[1]: *** [cmTC_650aa] Error 1
make[1]: Leaving directory '/home/ubuntu/ProjectDrive16_17/Navigation/build/CMakeFiles/CMakeTmp'
Makefile:126: recipe for target 'cmTC_650aa/fast' failed
make: *** [cmTC_650aa/fast] Error 2

File /home/ubuntu/ProjectDrive16_17/Navigation/build/CMakeFiles/CMakeTmp/CheckSymbolExists.c:
/* */
#include <pthread.h>

int main(int argc, char** argv)
{
  (void)argv;
#ifndef pthread_create
  return ((int*)(&pthread_create))[argc];
#else
  (void)argc;
  return 0;
#endif
}

Determining if the function pthread_create exists in the pthreads failed with the following output:
Change Dir: /home/ubuntu/ProjectDrive16_17/Navigation/build/CMakeFiles/CMakeTmp

Run Build Command:"/usr/bin/make" "cmTC_e0822/fast"
/usr/bin/make -f CMakeFiles/cmTC_e0822.dir/build.make CMakeFiles/cmTC_e0822.dir/build
make[1]: Entering directory '/home/ubuntu/ProjectDrive16_17/Navigation/build/CMakeFiles/CMakeTmp'
Building C object CMakeFiles/cmTC_e0822.dir/CheckFunctionExists.c.o
/usr/bin/cc    -DCHECK_FUNCTION_EXISTS=pthread_create   -o CMakeFiles/cmTC_e0822.dir/CheckFunctionExists.c.o   -c /usr/share/cmake-3.5/Modules/CheckFunctionExists.c
Linking C executable cmTC_e0822
/usr/bin/cmake -E cmake_link_script CMakeFiles/cmTC_e0822.dir/link.txt --verbose=1
/usr/bin/cc   -DCHECK_FUNCTION_EXISTS=pthread_create    CMakeFiles/cmTC_e0822.dir/CheckFunctionExists.c.o  -o cmTC_e0822 -rdynamic -lpthreads 
/usr/bin/ld: cannot find -lpthreads
collect2: error: ld returned 1 exit status
CMakeFiles/cmTC_e0822.dir/build.make:97: recipe for target 'cmTC_e0822' failed
make[1]: *** [cmTC_e0822] Error 1
make[1]: Leaving directory '/home/ubuntu/ProjectDrive16_17/Navigation/build/CMakeFiles/CMakeTmp'
Makefile:126: recipe for target 'cmTC_e0822/fast' failed
make: *** [cmTC_e0822/fast] Error 2


