Determining if the pthread_create exist failed with the following output:
Change Dir: /home/ubuntu/ProjectDrive16_17/Sensor/build/CMakeFiles/CMakeTmp

Run Build Command:"/usr/bin/make" "cmTC_5ebb0/fast"
/usr/bin/make -f CMakeFiles/cmTC_5ebb0.dir/build.make CMakeFiles/cmTC_5ebb0.dir/build
make[1]: Entering directory '/home/ubuntu/ProjectDrive16_17/Sensor/build/CMakeFiles/CMakeTmp'
Building C object CMakeFiles/cmTC_5ebb0.dir/CheckSymbolExists.c.o
/usr/bin/cc     -o CMakeFiles/cmTC_5ebb0.dir/CheckSymbolExists.c.o   -c /home/ubuntu/ProjectDrive16_17/Sensor/build/CMakeFiles/CMakeTmp/CheckSymbolExists.c
Linking C executable cmTC_5ebb0
/usr/bin/cmake -E cmake_link_script CMakeFiles/cmTC_5ebb0.dir/link.txt --verbose=1
/usr/bin/cc       CMakeFiles/cmTC_5ebb0.dir/CheckSymbolExists.c.o  -o cmTC_5ebb0 -rdynamic 
CMakeFiles/cmTC_5ebb0.dir/CheckSymbolExists.c.o: In function `main':
CheckSymbolExists.c:(.text+0x14): undefined reference to `pthread_create'
CheckSymbolExists.c:(.text+0x18): undefined reference to `pthread_create'
collect2: error: ld returned 1 exit status
CMakeFiles/cmTC_5ebb0.dir/build.make:97: recipe for target 'cmTC_5ebb0' failed
make[1]: *** [cmTC_5ebb0] Error 1
make[1]: Leaving directory '/home/ubuntu/ProjectDrive16_17/Sensor/build/CMakeFiles/CMakeTmp'
Makefile:126: recipe for target 'cmTC_5ebb0/fast' failed
make: *** [cmTC_5ebb0/fast] Error 2

File /home/ubuntu/ProjectDrive16_17/Sensor/build/CMakeFiles/CMakeTmp/CheckSymbolExists.c:
/* */
#include <pthread.h>

int main(int argc, char** argv)
{
  (void)argv;
#ifndef pthread_create
  return ((int*)(&pthread_create))[argc];
#else
  (void)argc;
  return 0;
#endif
}

Determining if the function pthread_create exists in the pthreads failed with the following output:
Change Dir: /home/ubuntu/ProjectDrive16_17/Sensor/build/CMakeFiles/CMakeTmp

Run Build Command:"/usr/bin/make" "cmTC_effef/fast"
/usr/bin/make -f CMakeFiles/cmTC_effef.dir/build.make CMakeFiles/cmTC_effef.dir/build
make[1]: Entering directory '/home/ubuntu/ProjectDrive16_17/Sensor/build/CMakeFiles/CMakeTmp'
Building C object CMakeFiles/cmTC_effef.dir/CheckFunctionExists.c.o
/usr/bin/cc    -DCHECK_FUNCTION_EXISTS=pthread_create   -o CMakeFiles/cmTC_effef.dir/CheckFunctionExists.c.o   -c /usr/share/cmake-3.5/Modules/CheckFunctionExists.c
Linking C executable cmTC_effef
/usr/bin/cmake -E cmake_link_script CMakeFiles/cmTC_effef.dir/link.txt --verbose=1
/usr/bin/cc   -DCHECK_FUNCTION_EXISTS=pthread_create    CMakeFiles/cmTC_effef.dir/CheckFunctionExists.c.o  -o cmTC_effef -rdynamic -lpthreads 
/usr/bin/ld: cannot find -lpthreads
collect2: error: ld returned 1 exit status
CMakeFiles/cmTC_effef.dir/build.make:97: recipe for target 'cmTC_effef' failed
make[1]: *** [cmTC_effef] Error 1
make[1]: Leaving directory '/home/ubuntu/ProjectDrive16_17/Sensor/build/CMakeFiles/CMakeTmp'
Makefile:126: recipe for target 'cmTC_effef/fast' failed
make: *** [cmTC_effef/fast] Error 2


